<?xml version="1.0" encoding="UTF-8"?>
<!-- Generated by org.testng.reporters.JUnitXMLReporter -->
<testsuite ignored="0" hostname="IG-M-851" failures="0" tests="2" name="Default test" time="15.618" errors="0" timestamp="2025-10-29T23:20:08 IST">
  <testcase classname="com.psd.excelsheet.program.DDTWithDataProviderAnnotations" name="fblogin_twodimentional" time="8.906"/>
  <testcase classname="com.psd.excelsheet.program.DDTWithDataProviderAnnotations" name="fblogin_twodimentional" time="6.194"/>
</testsuite> <!-- Default test -->
