<?xml version="1.0" encoding="UTF-8"?>
<!-- Generated by org.testng.reporters.JUnitXMLReporter -->
<testsuite ignored="0" hostname="IG-M-851" failures="0" tests="6" name="Default test" time="0.118" errors="0" timestamp="2025-10-20T23:15:16 IST">
  <testcase classname="com.psd.testng.Grouping_Testcases" name="method1" time="0.011"/>
  <testcase classname="com.psd.testng.Grouping_Testcases" name="method2" time="0.002"/>
  <testcase classname="com.psd.testng.Grouping_Testcases" name="method3" time="0.002"/>
  <testcase classname="com.psd.testng.Grouping_Testcases" name="method4" time="0.003"/>
  <testcase classname="com.psd.testng.Grouping_Testcases" name="method5" time="0.001"/>
  <testcase classname="com.psd.testng.Grouping_Testcases" name="method6" time="0.001"/>
</testsuite> <!-- Default test -->
