<?xml version="1.0" encoding="UTF-8"?>
<!-- Generated by org.testng.reporters.JUnitXMLReporter -->
<testsuite ignored="0" hostname="IG-M-851" failures="0" tests="2" name="ChromeBrowser_Test" time="26.652" errors="0" timestamp="2025-10-09T01:22:01 IST">
  <testcase classname="com.psd.testng.crossbrowser.testing.TestCase3" name="login_searching_cart_logout" time="14.147"/>
  <testcase classname="com.psd.testng.crossbrowser.testing.TestCase4" name="login_searching_logout" time="5.865"/>
</testsuite> <!-- ChromeBrowser_Test -->
