<?xml version="1.0" encoding="UTF-8"?>
<!-- Generated by org.testng.reporters.JUnitXMLReporter -->
<testsuite ignored="0" hostname="IG-M-851" failures="0" tests="2" name="EdgeBrowser_Test" time="26.226" errors="0" timestamp="2025-10-09T01:22:27 IST">
  <testcase classname="com.psd.testng.crossbrowser.testing.TestCase3" name="login_searching_cart_logout" time="14.156"/>
  <testcase classname="com.psd.testng.crossbrowser.testing.TestCase4" name="login_searching_logout" time="5.879"/>
</testsuite> <!-- EdgeBrowser_Test -->
