<?xml version="1.0" encoding="UTF-8"?>
<!-- Generated by org.testng.reporters.JUnitXMLReporter -->
<testsuite ignored="5" hostname="IG-M-851" failures="0" tests="1" name="Test" time="0.097" errors="0" timestamp="2025-10-20T23:19:40 IST">
  <testcase classname="com.psd.testng.Grouping_Testcases" name="method1" time="0.016"/>
  <testcase classname="com.psd.testng.Grouping_Testcases" name="method2" time="0.0">
    <ignored/>
  </testcase> <!-- method2 -->
  <testcase classname="com.psd.testng.Grouping_Testcases" name="method6" time="0.0">
    <ignored/>
  </testcase> <!-- method6 -->
  <testcase classname="com.psd.testng.Grouping_Testcases" name="method5" time="0.0">
    <ignored/>
  </testcase> <!-- method5 -->
  <testcase classname="com.psd.testng.Grouping_Testcases" name="method4" time="0.0">
    <ignored/>
  </testcase> <!-- method4 -->
  <testcase classname="com.psd.testng.Grouping_Testcases" name="method3" time="0.0">
    <ignored/>
  </testcase> <!-- method3 -->
</testsuite> <!-- Test -->
